<?xml version="1.0" encoding="UTF-8"?>
<!-- Generated by org.testng.reporters.JUnitReportReporter -->
<testsuite hostname="LAPTOP-1HR1843H" name="org.wiki.testcase.TC_PushpaWiki_001" tests="2" failures="0" timestamp="19 Aug 2022 18:53:13 GMT" time="0.407" errors="0">
  <testcase name="getCountryName" time="0.232" classname="org.wiki.testcase.TC_PushpaWiki_001"/>
  <testcase name="getRelease_Date" time="0.175" classname="org.wiki.testcase.TC_PushpaWiki_001"/>
</testsuite> <!-- org.wiki.testcase.TC_PushpaWiki_001 -->
